Performing C++ SOURCE FILE Test CMAKE_HAVE_LIBC_PTHREAD failed with the following output:
Change Dir: /silo0/GitHubDesktop/Assortment_System_Server/build-middleware-Desktop_Qt_6_2_0_GCC_64bit-Debug/CMakeFiles/CMakeTmp

Run Build Command(s):/opt/Qt/Tools/Ninja/ninja cmTC_d961a && [1/2] Building CXX object CMakeFiles/cmTC_d961a.dir/src.cxx.o
[2/2] Linking CXX executable cmTC_d961a
FAILED: cmTC_d961a 
: && /usr/bin/g++   CMakeFiles/cmTC_d961a.dir/src.cxx.o -o cmTC_d961a   && :
/usr/lib64/gcc/x86_64-suse-linux/7/../../../../x86_64-suse-linux/bin/ld: CMakeFiles/cmTC_d961a.dir/src.cxx.o: in function `main':
src.cxx:(.text+0x2d): undefined reference to `pthread_create'
/usr/lib64/gcc/x86_64-suse-linux/7/../../../../x86_64-suse-linux/bin/ld: src.cxx:(.text+0x39): undefined reference to `pthread_detach'
/usr/lib64/gcc/x86_64-suse-linux/7/../../../../x86_64-suse-linux/bin/ld: src.cxx:(.text+0x45): undefined reference to `pthread_cancel'
/usr/lib64/gcc/x86_64-suse-linux/7/../../../../x86_64-suse-linux/bin/ld: src.cxx:(.text+0x56): undefined reference to `pthread_join'
collect2: error: ld returned 1 exit status
ninja: build stopped: subcommand failed.


Source file was:
#include <pthread.h>

static void* test_func(void* data)
{
  return data;
}

int main(void)
{
  pthread_t thread;
  pthread_create(&thread, NULL, test_func, NULL);
  pthread_detach(thread);
  pthread_cancel(thread);
  pthread_join(thread, NULL);
  pthread_atfork(NULL, NULL, NULL);
  pthread_exit(NULL);

  return 0;
}

